2020-09-21T16:31:10.683000Z: TCP Forwarding 0:0:0:0:0:0:0:1:49316 (unknown) <--> 127.0.0.1:39101 (unknown)

2020-09-21T14:31:10.691975Z: up:
GET /authorize?grant_type=authorization_code HTTP/1.1
Host: localhost:39001
Connection: keep-alive
Upgrade-Insecure-Requests: 1
DNT: 1
User-Agent: Mozilla/5.0 (Macintosh; Intel Mac OS X 10_15_6) AppleWebKit/537.36 (KHTML, like Gecko) Chrome/85.0.4183.102 Safari/537.36
Accept: text/html,application/xhtml+xml,application/xml;q=0.9,image/avif,image/webp,image/apng,*/*;q=0.8,application/signed-exchange;v=b3;q=0.9
Sec-Fetch-Site: same-origin
Sec-Fetch-Mode: navigate
Sec-Fetch-User: ?1
Sec-Fetch-Dest: document
Referer: http://localhost:39001/authorize?grant_type=authorization_code
Accept-Encoding: gzip, deflate, br
Accept-Language: en-US,en;q=0.9,de;q=0.8
Cookie: JSESSIONID=949318AE34005BBABFB5243FA5F7A13B


# END --------------------------

2020-09-21T14:31:10.757004Z: down:
HTTP/1.1 302 
Set-Cookie: JSESSIONID=F9980943AE394C903E8F422C8E50BEDF; Path=/; HttpOnly
X-Content-Type-Options: nosniff
X-XSS-Protection: 1; mode=block
Cache-Control: no-cache, no-store, max-age=0, must-revalidate
Pragma: no-cache
Expires: 0
X-Frame-Options: DENY
Location: http://auth-server:39003/oauth2/authorize?response_type=code&client_id=messaging-client&scope=message.read%20message.write&state=Jc0hgwXBHrSogrbY7COuwFB-R1OhU2J5mawZc8QudBk%3D&redirect_uri=http://localhost:39001/authorized
Content-Length: 0
Date: Mon, 21 Sep 2020 14:31:10 GMT
Keep-Alive: timeout=60
Connection: keep-alive


# END --------------------------

2020-09-21T14:31:18.512210Z: up:
GET /authorized?code=u7ZtGDF_DqtFi9_Q0utb3_EWhF2eUhZnCwSmd6Hvazg%3D&state=Jc0hgwXBHrSogrbY7COuwFB-R1OhU2J5mawZc8QudBk%3D HTTP/1.1
Host: localhost:39001
Connection: keep-alive
Cache-Control: max-age=0
Upgrade-Insecure-Requests: 1
DNT: 1
User-Agent: Mozilla/5.0 (Macintosh; Intel Mac OS X 10_15_6) AppleWebKit/537.36 (KHTML, like Gecko) Chrome/85.0.4183.102 Safari/537.36
Accept: text/html,application/xhtml+xml,application/xml;q=0.9,image/avif,image/webp,image/apng,*/*;q=0.8,application/signed-exchange;v=b3;q=0.9
Sec-Fetch-Site: cross-site
Sec-Fetch-Mode: navigate
Sec-Fetch-User: ?1
Sec-Fetch-Dest: document
Referer: http://auth-server:39003/login
Accept-Encoding: gzip, deflate, br
Accept-Language: en-US,en;q=0.9,de;q=0.8
Cookie: JSESSIONID=F9980943AE394C903E8F422C8E50BEDF


# END --------------------------

2020-09-21T14:31:18.593430Z: down:
HTTP/1.1 302 
X-Content-Type-Options: nosniff
X-XSS-Protection: 1; mode=block
Cache-Control: no-cache, no-store, max-age=0, must-revalidate
Pragma: no-cache
Expires: 0
X-Frame-Options: DENY
Location: http://localhost:39001/authorize?grant_type=authorization_code
Content-Length: 0
Date: Mon, 21 Sep 2020 14:31:18 GMT
Keep-Alive: timeout=60
Connection: keep-alive


# END --------------------------

2020-09-21T14:31:18.596097Z: up:
GET /authorize?grant_type=authorization_code HTTP/1.1
Host: localhost:39001
Connection: keep-alive
Cache-Control: max-age=0
Upgrade-Insecure-Requests: 1
DNT: 1
User-Agent: Mozilla/5.0 (Macintosh; Intel Mac OS X 10_15_6) AppleWebKit/537.36 (KHTML, like Gecko) Chrome/85.0.4183.102 Safari/537.36
Accept: text/html,application/xhtml+xml,application/xml;q=0.9,image/avif,image/webp,image/apng,*/*;q=0.8,application/signed-exchange;v=b3;q=0.9
Sec-Fetch-Site: cross-site
Sec-Fetch-Mode: navigate
Sec-Fetch-User: ?1
Sec-Fetch-Dest: document
Referer: http://auth-server:39003/login
Accept-Encoding: gzip, deflate, br
Accept-Language: en-US,en;q=0.9,de;q=0.8
Cookie: JSESSIONID=F9980943AE394C903E8F422C8E50BEDF


# END --------------------------

2020-09-21T14:31:19.026819Z: down:
HTTP/1.1 200 
X-Content-Type-Options: nosniff
X-XSS-Protection: 1; mode=block
Cache-Control: no-cache, no-store, max-age=0, must-revalidate
Pragma: no-cache
Expires: 0
X-Frame-Options: DENY
Content-Type: text/html;charset=UTF-8
Content-Language: en-US
Transfer-Encoding: chunked
Date: Mon, 21 Sep 2020 14:31:18 GMT
Keep-Alive: timeout=60
Connection: keep-alive

9b0
<!DOCTYPE html>
<html xmlns="http://www.w3.org/1999/xhtml">
    <head>
        <title>Spring Security OAuth 2.0 Sample</title>
        <meta charset="utf-8" />
        <meta http-equiv="X-UA-Compatible" content="IE=edge" />
        <meta name="viewport" content="width=device-width, initial-scale=1, shrink-to-fit=no">
        <link rel="stylesheet" href="/webjars/bootstrap/3.4.1/css/bootstrap.css" />
    </head>
    <body>
        <div>
            <nav class="navbar navbar-default">
                <div class="container">
                    <div class="container-fluid">
                        <div class="navbar-collapse collapse" id="navbar">
                        </div>
                    </div>
                </div>
            </nav>
        </div>
        <div class="container">
            <div class="panel panel-default">
                <div class="panel-heading">
                    <h3 class="panel-title">Authorize the client using <span style="font-family:monospace">grant_type</span>:</h3>
                </div>
                <ul class="list-group">
                    <li class="list-group-item">
                        <a href="/authorize?grant_type=authorization_code"><span style="font-size:medium">Authorization Code</span>&nbsp;&nbsp;<small class="text-muted">(Login to Spring Authorization Server using: user1/password)</small></a>
                    </li>
                    <li class="list-group-item">
                        <a href="/authorize?grant_type=client_credentials"><span style="font-size:medium">Client Credentials</span></a>
                    </li>
                </ul>
                <div class="panel-footer">
                    <h4>Messages:</h4>
                    <table class="table table-condensed">
                        <tbody>
                            <tr class="row">
                                <td>Message 1</td>
                            </tr>
                            <tr class="row">
                                <td>Message 2</td>
                            </tr>
                            <tr class="row">
                                <td>Message 3</td>
                            </tr>
                        </tbody>
                    </table>
                </div>
            </div>
        </div>
        <script src="/webjars/jquery/3.4.1/jquery.min.js"></script>
        <script src="/webjars/bootstrap/3.4.1/js/bootstrap.min.js"></script>
    </body>
</html>


# END --------------------------

2020-09-21T14:31:19.027042Z: down:
0


# END --------------------------
