============================================================
Request 1
============================================================client
2020-09-21T14:50:47.577711Z <----
GET /authorize?grant_type=client_credentials HTTP/1.1
Host: localhost:39001
User-Agent: Mozilla/5.0 (Macintosh; Intel Mac OS X 10_15_6) AppleWebKit/537.36 (KHTML, like Gecko) Chrome/85.0.4183.102 Safari/537.36
Cookie: JSESSIONID=F9980943AE394C903E8F422C8E50BEDF
# END --------------------------

authorizationserver
2020-09-21T14:50:47.695402Z <----
POST /oauth2/token HTTP/1.1
Content-Type: application/x-www-form-urlencoded;charset=UTF-8
Authorization: Basic bWVzc2FnaW5nLWNsaWVudDpzZWNyZXQ=
User-Agent: Java/11.0.3
Host: auth-server:39003
Content-Length: 62
grant_type=client_credentials&scope=message.read+message.write
# END --------------------------

authorizationserver
2020-09-21T14:50:47.790210Z ---->
HTTP/1.1 200
Set-Cookie: JSESSIONID=C861B177AD30F69278006474523D2875; Path=/; HttpOnly
Content-Type: application/json;charset=UTF-8
Date: Mon, 21 Sep 2020 14:50:47 GMT
348
{"access_token":"eyJraWQiOiIxN2Y3NDk1MC02M2ZlLTQzOTctOTM5Yi00OWQ5NmI0Y2EzYWEiLCJ0eXAiOiJKV1QiLCJhbGciOiJSUzI1NiJ9.eyJzdWIiOiJtZXNzYWdpbmctY2xpZW50IiwiYXVkIjoibWVzc2FnaW5nLWNsaWVudCIsIm5iZiI6MTYwMDY5OTg0Nywic2NvcGUiOlsibWVzc2FnZS5yZWFkIiwibWVzc2FnZS53cml0ZSJdLCJpc3MiOiJodHRwczpcL1wvb2F1dGgyLnByb3ZpZGVyLmNvbSIsImV4cCI6MTYwMDcwMzQ0NywiaWF0IjoxNjAwNjk5ODQ3LCJqdGkiOiI4MWY2NzFlYS0zYTY2LTRlNWQtYTJiNC0wYTIyMWE1YmYxMDMifQ.f1xjXoIvmC_HKaU7qPPnvkK6no6eis5ZFIWWm78HceRN_E2T9lSgTMLL6ulhBalAXrJURJka7vFETeHurvdBRYm4gNrhZQw4Q4faBbvmmgjYYSOOWwGOXvXueu5g-AZVVmQ9W-nF3eovc7We8AkE6AaDlKF36H1Pc7LfI3ysFTPTJAWtLwBI0an87a5A-qX3gxFeM-jQO7Jp4xETCV13iMUTTGPyBTFrjhhhAM-SMM3n6fdUgHb0EKplIbTHfQ7dGzRU9Qfe89hf5iZKL6hTR6s2cfsFZlp0rsObf_q8tc-fRwSbhjbjBl68wA-8vlJbNIp-UXfrSWfavZ6ksrXcRw","scope":"message.read message.write","token_type":"Bearer","expires_in":"3599"}
# END --------------------------

authorizationserver
2020-09-21T14:50:47.790741Z ---->
# END --------------------------

resourceserver
2020-09-21T14:50:47.935417Z <----
GET /messages HTTP/1.1
user-agent: ReactorNetty/1.0.0-M2
host: localhost:39002
Authorization: Bearer eyJraWQiOiIxN2Y3NDk1MC02M2ZlLTQzOTctOTM5Yi00OWQ5NmI0Y2EzYWEiLCJ0eXAiOiJKV1QiLCJhbGciOiJSUzI1NiJ9.eyJzdWIiOiJtZXNzYWdpbmctY2xpZW50IiwiYXVkIjoibWVzc2FnaW5nLWNsaWVudCIsIm5iZiI6MTYwMDY5OTg0Nywic2NvcGUiOlsibWVzc2FnZS5yZWFkIiwibWVzc2FnZS53cml0ZSJdLCJpc3MiOiJodHRwczpcL1wvb2F1dGgyLnByb3ZpZGVyLmNvbSIsImV4cCI6MTYwMDcwMzQ0NywiaWF0IjoxNjAwNjk5ODQ3LCJqdGkiOiI4MWY2NzFlYS0zYTY2LTRlNWQtYTJiNC0wYTIyMWE1YmYxMDMifQ.f1xjXoIvmC_HKaU7qPPnvkK6no6eis5ZFIWWm78HceRN_E2T9lSgTMLL6ulhBalAXrJURJka7vFETeHurvdBRYm4gNrhZQw4Q4faBbvmmgjYYSOOWwGOXvXueu5g-AZVVmQ9W-nF3eovc7We8AkE6AaDlKF36H1Pc7LfI3ysFTPTJAWtLwBI0an87a5A-qX3gxFeM-jQO7Jp4xETCV13iMUTTGPyBTFrjhhhAM-SMM3n6fdUgHb0EKplIbTHfQ7dGzRU9Qfe89hf5iZKL6hTR6s2cfsFZlp0rsObf_q8tc-fRwSbhjbjBl68wA-8vlJbNIp-UXfrSWfavZ6ksrXcRw
# END --------------------------

authorizationserver
2020-09-21T14:50:47.994289Z <----
GET /oauth2/jwks HTTP/1.1
User-Agent: Java/11.0.3
Host: auth-server:39003
# END --------------------------

authorizationserver
2020-09-21T14:50:47.999084Z ---->
HTTP/1.1 200
Content-Type: application/json;charset=ISO-8859-1
Content-Length: 455
Date: Mon, 21 Sep 2020 14:50:47 GMT
{"keys":[{"kty":"RSA","e":"AQAB","use":"sig","kid":"17f74950-63fe-4397-939b-49d96b4ca3aa","alg":"RS256","n":"ko7heWxwrey8im7DPjEy0WRgmmzVsFNX7C2EuMG6PQA-a6uMQ1n2kcyvY7qV5W_uFlTPsk0Rzpv3QTQomVHqWnc_bKiNNw7Rf5_oLDsZfmvECr55Si51ViKlC6UHsg3j-HvIFaSOpXyFE93oa8j2ABmF_NuJ3XuD7vhK1nHEWJGNHvJ9d0oJ776Nk3t9F5IgkNJ3mZeAsPUe9878F27dzj6NPr7LSjEBwll9QSjiitE_pxJadSY9P7rNcDOvuFkjWME4_LZ04XgSHrFYON3FETrHO-rbl-9jz0SpvVYAi4vl046P-QYyVcyprujMaQiA3RnQV5RH2ci8GwvWka2VKw"}]}
# END --------------------------

resourceserver
2020-09-21T14:50:48.043790Z ---->
HTTP/1.1 200
Content-Type: application/json
Date: Mon, 21 Sep 2020 14:50:48 GMT
25
["Message 1","Message 2","Message 3"]
# END --------------------------

resourceserver
2020-09-21T14:50:48.044919Z ---->
# END --------------------------

client
2020-09-21T14:50:48.235458Z ---->
HTTP/1.1 200
Set-Cookie: JSESSIONID=947F74EC7542408B1DE79B0E76D1267E; Path=/; HttpOnly
Content-Type: text/html;charset=UTF-8
Content-Language: en-US
Date: Mon, 21 Sep 2020 14:50:48 GMT
9b0
<!DOCTYPE html>
<html xmlns="http://www.w3.org/1999/xhtml">
    <head>
    </head>
    <body>
    </body>
</html>
# END --------------------------

client
2020-09-21T14:50:48.237058Z ---->
# END --------------------------

============================================================
Request 2
============================================================
client
2020-09-21T14:51:45.782770Z <----
GET /authorize?grant_type=client_credentials HTTP/1.1
Host: localhost:39001
User-Agent: Mozilla/5.0 (Macintosh; Intel Mac OS X 10_15_6) AppleWebKit/537.36 (KHTML, like Gecko) Chrome/85.0.4183.102 Safari/537.36
Cookie: JSESSIONID=947F74EC7542408B1DE79B0E76D1267E
# END --------------------------

resourceserver
2020-09-21T14:51:45.786474Z <----
GET /messages HTTP/1.1
user-agent: ReactorNetty/1.0.0-M2
host: localhost:39002
Authorization: Bearer eyJraWQiOiIxN2Y3NDk1MC02M2ZlLTQzOTctOTM5Yi00OWQ5NmI0Y2EzYWEiLCJ0eXAiOiJKV1QiLCJhbGciOiJSUzI1NiJ9.eyJzdWIiOiJtZXNzYWdpbmctY2xpZW50IiwiYXVkIjoibWVzc2FnaW5nLWNsaWVudCIsIm5iZiI6MTYwMDY5OTg0Nywic2NvcGUiOlsibWVzc2FnZS5yZWFkIiwibWVzc2FnZS53cml0ZSJdLCJpc3MiOiJodHRwczpcL1wvb2F1dGgyLnByb3ZpZGVyLmNvbSIsImV4cCI6MTYwMDcwMzQ0NywiaWF0IjoxNjAwNjk5ODQ3LCJqdGkiOiI4MWY2NzFlYS0zYTY2LTRlNWQtYTJiNC0wYTIyMWE1YmYxMDMifQ.f1xjXoIvmC_HKaU7qPPnvkK6no6eis5ZFIWWm78HceRN_E2T9lSgTMLL6ulhBalAXrJURJka7vFETeHurvdBRYm4gNrhZQw4Q4faBbvmmgjYYSOOWwGOXvXueu5g-AZVVmQ9W-nF3eovc7We8AkE6AaDlKF36H1Pc7LfI3ysFTPTJAWtLwBI0an87a5A-qX3gxFeM-jQO7Jp4xETCV13iMUTTGPyBTFrjhhhAM-SMM3n6fdUgHb0EKplIbTHfQ7dGzRU9Qfe89hf5iZKL6hTR6s2cfsFZlp0rsObf_q8tc-fRwSbhjbjBl68wA-8vlJbNIp-UXfrSWfavZ6ksrXcRw
# END --------------------------

resourceserver
2020-09-21T14:51:45.790616Z ---->
HTTP/1.1 200
Content-Type: application/json
Date: Mon, 21 Sep 2020 14:51:45 GMT
25
["Message 1","Message 2","Message 3"]
# END --------------------------

resourceserver
2020-09-21T14:51:45.790747Z ---->
# END --------------------------

client
2020-09-21T14:51:45.797070Z ---->
HTTP/1.1 200
Content-Type: text/html;charset=UTF-8
Content-Language: en-US
Date: Mon, 21 Sep 2020 14:51:45 GMT
9b0
<!DOCTYPE html>
<html xmlns="http://www.w3.org/1999/xhtml">
    <head>
    </head>
    <body>
    </body>
</html>
# END --------------------------

client
2020-09-21T14:51:45.797274Z ---->
# END --------------------------
