# END --------------------------

2020-09-21T08:24:06.396000Z: up:
GET /authorize?grant_type=client_credentials HTTP/1.1
Host: localhost:39001
Connection: keep-alive
Upgrade-Insecure-Requests: 1
DNT: 1
User-Agent: Mozilla/5.0 (Macintosh; Intel Mac OS X 10_15_6) AppleWebKit/537.36 (KHTML, like Gecko) Chrome/85.0.4183.102 Safari/537.36
Accept: text/html,application/xhtml+xml,application/xml;q=0.9,image/avif,image/webp,image/apng,*/*;q=0.8,application/signed-exchange;v=b3;q=0.9
Sec-Fetch-Site: same-origin
Sec-Fetch-Mode: navigate
Sec-Fetch-User: ?1
Sec-Fetch-Dest: document
Referer: http://localhost:39001/authorize?grant_type=client_credentials
Accept-Encoding: gzip, deflate, br
Accept-Language: en-US,en;q=0.9,de;q=0.8
Cookie: JSESSIONID=EA7EFBB771E81B37EC66CFEE540D85B9


2020-09-21T08:24:06.412000Z: down:
HTTP/1.1 200 
X-Content-Type-Options: nosniff
X-XSS-Protection: 1; mode=block
Cache-Control: no-cache, no-store, max-age=0, must-revalidate
Pragma: no-cache
Expires: 0
X-Frame-Options: DENY
Content-Type: text/html;charset=UTF-8
Content-Language: en-US
Transfer-Encoding: chunked
Date: Mon, 21 Sep 2020 06:24:06 GMT
Keep-Alive: timeout=60
Connection: keep-alive

9b0
<!DOCTYPE html>
<html xmlns="http://www.w3.org/1999/xhtml">
    <head>
        <title>Spring Security OAuth 2.0 Sample</title>
        <meta charset="utf-8" />
        <meta http-equiv="X-UA-Compatible" content="IE=edge" />
        <meta name="viewport" content="width=device-width, initial-scale=1, shrink-to-fit=no">
        <link rel="stylesheet" href="/webjars/bootstrap/3.4.1/css/bootstrap.css" />
    </head>
    <body>
        <div>
            <nav class="navbar navbar-default">
                <div class="container">
                    <div class="container-fluid">
                        <div class="navbar-collapse collapse" id="navbar">
                        </div>
                    </div>
                </div>
            </nav>
        </div>
        <div class="container">
            <div class="panel panel-default">
                <div class="panel-heading">
                    <h3 class="panel-title">Authorize the client using <span style="font-family:monospace">grant_type</span>:</h3>
                </div>
                <ul class="list-group">
                    <li class="list-group-item">
                        <a href="/authorize?grant_type=authorization_code"><span style="font-size:medium">Authorization Code</span>&nbsp;&nbsp;<small class="text-muted">(Login to Spring Authorization Server using: user1/password)</small></a>
                    </li>
                    <li class="list-group-item">
                        <a href="/authorize?grant_type=client_credentials"><span style="font-size:medium">Client Credentials</span></a>
                    </li>
                </ul>
                <div class="panel-footer">
                    <h4>Messages:</h4>
                    <table class="table table-condensed">
                        <tbody>
                            <tr class="row">
                                <td>Message 1</td>
                            </tr>
                            <tr class="row">
                                <td>Message 2</td>
                            </tr>
                            <tr class="row">
                                <td>Message 3</td>
                            </tr>
                        </tbody>
                    </table>
                </div>
            </div>
        </div>
        <script src="/webjars/jquery/3.4.1/jquery.min.js"></script>
        <script src="/webjars/bootstrap/3.4.1/js/bootstrap.min.js"></script>
    </body>
</html>

# END --------------------------

2020-09-21T08:24:06.412000Z: down:
0

# END --------------------------
